Processing batch 1: /work3/s233201/data/ncbi_dataset/data/batch_1/GCA_000001985.1_JCVI-PMFA1-2.0_genomic.fna
2025-02-06 13:46:32 INFO:	Quiet mode selected. All subsequent INFO log messages to stdout suppressed. Detailed log still available in logs/busco.log
2025-02-06 13:46:35 INFO:	[bbtools]	1 of 1 task(s) completed
2025-02-06 13:48:12 INFO:	[metaeuk]	1 of 1 task(s) completed
2025-02-06 13:48:15 INFO:	[hmmsearch]	76 of 758 task(s) completed
2025-02-06 13:48:16 INFO:	[hmmsearch]	152 of 758 task(s) completed
2025-02-06 13:48:16 INFO:	[hmmsearch]	228 of 758 task(s) completed
2025-02-06 13:48:17 INFO:	[hmmsearch]	304 of 758 task(s) completed
2025-02-06 13:48:17 INFO:	[hmmsearch]	379 of 758 task(s) completed
2025-02-06 13:48:18 INFO:	[hmmsearch]	455 of 758 task(s) completed
2025-02-06 13:48:18 INFO:	[hmmsearch]	531 of 758 task(s) completed
2025-02-06 13:48:19 INFO:	[hmmsearch]	607 of 758 task(s) completed
2025-02-06 13:48:19 INFO:	[hmmsearch]	683 of 758 task(s) completed
2025-02-06 13:48:22 INFO:	[hmmsearch]	758 of 758 task(s) completed
2025-02-06 13:49:18 INFO:	[metaeuk]	1 of 1 task(s) completed
2025-02-06 13:49:20 INFO:	[hmmsearch]	3 of 21 task(s) completed
2025-02-06 13:49:20 INFO:	[hmmsearch]	5 of 21 task(s) completed
2025-02-06 13:49:20 INFO:	[hmmsearch]	7 of 21 task(s) completed
2025-02-06 13:49:21 INFO:	[hmmsearch]	9 of 21 task(s) completed
2025-02-06 13:49:21 INFO:	[hmmsearch]	11 of 21 task(s) completed
2025-02-06 13:49:21 INFO:	[hmmsearch]	13 of 21 task(s) completed
2025-02-06 13:49:21 INFO:	[hmmsearch]	15 of 21 task(s) completed
2025-02-06 13:49:21 INFO:	[hmmsearch]	17 of 21 task(s) completed
2025-02-06 13:49:22 INFO:	[hmmsearch]	19 of 21 task(s) completed
2025-02-06 13:49:22 INFO:	[hmmsearch]	21 of 21 task(s) completed
Processing batch 2: /work3/s233201/data/ncbi_dataset/data/batch_2/GCA_000182895.1_CC3_genomic.fna
2025-02-06 13:49:33 INFO:	Quiet mode selected. All subsequent INFO log messages to stdout suppressed. Detailed log still available in logs/busco.log
2025-02-06 13:49:36 INFO:	[bbtools]	1 of 1 task(s) completed
2025-02-06 13:51:39 INFO:	[metaeuk]	1 of 1 task(s) completed
2025-02-06 13:51:41 INFO:	[hmmsearch]	76 of 758 task(s) completed
2025-02-06 13:51:42 INFO:	[hmmsearch]	152 of 758 task(s) completed
2025-02-06 13:51:42 INFO:	[hmmsearch]	228 of 758 task(s) completed
2025-02-06 13:51:43 INFO:	[hmmsearch]	304 of 758 task(s) completed
2025-02-06 13:51:43 INFO:	[hmmsearch]	379 of 758 task(s) completed
2025-02-06 13:51:43 INFO:	[hmmsearch]	455 of 758 task(s) completed
2025-02-06 13:51:44 INFO:	[hmmsearch]	531 of 758 task(s) completed
2025-02-06 13:51:44 INFO:	[hmmsearch]	607 of 758 task(s) completed
2025-02-06 13:51:44 INFO:	[hmmsearch]	683 of 758 task(s) completed
2025-02-06 13:51:46 INFO:	[hmmsearch]	758 of 758 task(s) completed
2025-02-06 13:53:32 INFO:	[metaeuk]	1 of 1 task(s) completed
2025-02-06 13:53:34 INFO:	[hmmsearch]	7 of 62 task(s) completed
2025-02-06 13:53:35 INFO:	[hmmsearch]	13 of 62 task(s) completed
2025-02-06 13:53:35 INFO:	[hmmsearch]	19 of 62 task(s) completed
2025-02-06 13:53:36 INFO:	[hmmsearch]	25 of 62 task(s) completed
2025-02-06 13:53:36 INFO:	[hmmsearch]	32 of 62 task(s) completed
2025-02-06 13:53:37 INFO:	[hmmsearch]	38 of 62 task(s) completed
2025-02-06 13:53:37 INFO:	[hmmsearch]	44 of 62 task(s) completed
2025-02-06 13:53:38 INFO:	[hmmsearch]	50 of 62 task(s) completed
2025-02-06 13:53:38 INFO:	[hmmsearch]	56 of 62 task(s) completed
2025-02-06 13:53:39 INFO:	[hmmsearch]	62 of 62 task(s) completed
Processing batch 3: /work3/s233201/data/ncbi_dataset/data/batch_3/GCA_000313525.1_ASM31352v1_genomic.fna
2025-02-06 13:53:50 INFO:	Quiet mode selected. All subsequent INFO log messages to stdout suppressed. Detailed log still available in logs/busco.log
2025-02-06 13:53:53 INFO:	[bbtools]	1 of 1 task(s) completed
2025-02-06 13:55:23 INFO:	[metaeuk]	1 of 1 task(s) completed
2025-02-06 13:55:26 INFO:	[hmmsearch]	76 of 758 task(s) completed
2025-02-06 13:55:27 INFO:	[hmmsearch]	152 of 758 task(s) completed
2025-02-06 13:55:27 INFO:	[hmmsearch]	228 of 758 task(s) completed
2025-02-06 13:55:27 INFO:	[hmmsearch]	304 of 758 task(s) completed
2025-02-06 13:55:28 INFO:	[hmmsearch]	379 of 758 task(s) completed
2025-02-06 13:55:28 INFO:	[hmmsearch]	455 of 758 task(s) completed
2025-02-06 13:55:29 INFO:	[hmmsearch]	531 of 758 task(s) completed
2025-02-06 13:55:29 INFO:	[hmmsearch]	607 of 758 task(s) completed
2025-02-06 13:55:29 INFO:	[hmmsearch]	683 of 758 task(s) completed
2025-02-06 13:55:32 INFO:	[hmmsearch]	758 of 758 task(s) completed
2025-02-06 13:56:41 INFO:	[metaeuk]	1 of 1 task(s) completed
2025-02-06 13:56:43 INFO:	[hmmsearch]	5 of 48 task(s) completed
2025-02-06 13:56:44 INFO:	[hmmsearch]	10 of 48 task(s) completed
2025-02-06 13:56:44 INFO:	[hmmsearch]	15 of 48 task(s) completed
2025-02-06 13:56:45 INFO:	[hmmsearch]	20 of 48 task(s) completed
2025-02-06 13:56:45 INFO:	[hmmsearch]	24 of 48 task(s) completed
2025-02-06 13:56:45 INFO:	[hmmsearch]	29 of 48 task(s) completed
2025-02-06 13:56:46 INFO:	[hmmsearch]	34 of 48 task(s) completed
2025-02-06 13:56:46 INFO:	[hmmsearch]	39 of 48 task(s) completed
2025-02-06 13:56:46 INFO:	[hmmsearch]	44 of 48 task(s) completed
2025-02-06 13:56:47 INFO:	[hmmsearch]	48 of 48 task(s) completed
Processing batch 4: /work3/s233201/data/ncbi_dataset/data/batch_4/GCA_000576695.1_AUH_PRJEB4427_v1_genomic.fna
2025-02-06 13:56:58 INFO:	Quiet mode selected. All subsequent INFO log messages to stdout suppressed. Detailed log still available in logs/busco.log
2025-02-06 13:57:01 INFO:	[bbtools]	1 of 1 task(s) completed
2025-02-06 13:57:57 INFO:	[metaeuk]	1 of 1 task(s) completed
2025-02-06 13:57:59 INFO:	[hmmsearch]	76 of 758 task(s) completed
2025-02-06 13:58:00 INFO:	[hmmsearch]	152 of 758 task(s) completed
2025-02-06 13:58:01 INFO:	[hmmsearch]	228 of 758 task(s) completed
2025-02-06 13:58:01 INFO:	[hmmsearch]	304 of 758 task(s) completed
2025-02-06 13:58:01 INFO:	[hmmsearch]	379 of 758 task(s) completed
2025-02-06 13:58:02 INFO:	[hmmsearch]	455 of 758 task(s) completed
2025-02-06 13:58:02 INFO:	[hmmsearch]	531 of 758 task(s) completed
2025-02-06 13:58:02 INFO:	[hmmsearch]	607 of 758 task(s) completed
2025-02-06 13:58:03 INFO:	[hmmsearch]	683 of 758 task(s) completed
2025-02-06 13:58:05 INFO:	[hmmsearch]	758 of 758 task(s) completed
2025-02-06 13:58:40 INFO:	[metaeuk]	1 of 1 task(s) completed
2025-02-06 13:58:42 INFO:	[hmmsearch]	3 of 26 task(s) completed
2025-02-06 13:58:42 INFO:	[hmmsearch]	6 of 26 task(s) completed
2025-02-06 13:58:42 INFO:	[hmmsearch]	8 of 26 task(s) completed
2025-02-06 13:58:43 INFO:	[hmmsearch]	11 of 26 task(s) completed
2025-02-06 13:58:43 INFO:	[hmmsearch]	14 of 26 task(s) completed
2025-02-06 13:58:43 INFO:	[hmmsearch]	16 of 26 task(s) completed
2025-02-06 13:58:43 INFO:	[hmmsearch]	19 of 26 task(s) completed
2025-02-06 13:58:44 INFO:	[hmmsearch]	21 of 26 task(s) completed
2025-02-06 13:58:44 INFO:	[hmmsearch]	24 of 26 task(s) completed
2025-02-06 13:58:44 INFO:	[hmmsearch]	26 of 26 task(s) completed
Processing batch 5: /work3/s233201/data/ncbi_dataset/data/batch_5/GCA_000785585.1_claImm_genomic.fna
2025-02-06 13:58:48 INFO:	Quiet mode selected. All subsequent INFO log messages to stdout suppressed. Detailed log still available in logs/busco.log
2025-02-06 13:58:52 INFO:	[bbtools]	1 of 1 task(s) completed

------------------------------------------------------------
Sender: LSF System <lsfadmin@hpc.dtu.dk>
Subject: Job 23983147: <SingleCorePython> in cluster <dcc> Exited

Job <SingleCorePython> was submitted from host <n-62-27-18> by user <s233201> in cluster <dcc> at Thu Feb  6 13:45:59 2025
Job was executed on host(s) <32*n-62-12-2>, in queue <hpc>, as user <s233201> in cluster <dcc> at Thu Feb  6 13:46:00 2025
</zhome/85/8/203063> was used as the home directory.
</zhome/85/8/203063/a3_fungi> was used as the working directory.
Started at Thu Feb  6 13:46:00 2025
Terminated at Thu Feb  6 13:59:03 2025
Results reported at Thu Feb  6 13:59:03 2025

Your job looked like:

------------------------------------------------------------
# LSBATCH: User input
#!/bin/bash
# embedded options to bsub - start with #BSUB
# -- our name ---
#BSUB -J SingleCorePython 
# -- choose queue --
#BSUB -q hpc
# -- specify that we need 4GB of memory per core/slot --
# so when asking for 4 cores, we are really asking for 4*4GB=16GB of memory 
# for this job. 
#BSUB -R "rusage[mem=1GB]"
# -- Notify me by email when execution begins --
##BSUB -B
# -- Notify me by email when execution ends   --
##BSUB -N
# -- email address -- 
# please uncomment the following line and put in your e-mail address,
# if you want to receive e-mail notifications on a non-default address
##BSUB -u your_email_address
# -- Output File --
#BSUB -o out/Output_%J.out
# -- Error File --
#BSUB -e out/Output_%J.err
# -- estimated wall clock time (execution time): hh:mm -- 
#BSUB -W 24:00 
# -- Number of cores requested -- 
#BSUB -n 32 
# -- Specify the distribution of the cores: on a single node --
#BSUB -R "span[hosts=1]"
# -- end of LSF options -- 

source ~/miniconda3/etc/profile.d/conda.sh
conda activate busco

# Define start and end batch numbers
START_BATCH=1
END_BATCH=10

# Loop through specified batch range
for batch_num in $(seq $START_BATCH $END_BATCH); do
    input_file=$(ls /work3/s233201/data/ncbi_dataset/data/batch_${batch_num}/*.fna | head -n 1)
    
    if [ -f "$input_file" ]; then
        echo "Processing batch ${batch_num}: $input_file"
        
        busco -i "$input_file" \
              -m genome \
              -l fungi_odb10 \
              -f \
              -q \
              -o "out_busco/busco_batch_${batch_num}" \

(... more ...)
------------------------------------------------------------

TERM_OWNER: job killed by owner.
Exited with exit code 143.

Resource usage summary:

    CPU time :                                   11743.00 sec.
    Max Memory :                                 4527 MB
    Average Memory :                             1477.75 MB
    Total Requested Memory :                     32768.00 MB
    Delta Memory :                               28241.00 MB
    Max Swap :                                   -
    Max Processes :                              41
    Max Threads :                                76
    Run time :                                   783 sec.
    Turnaround time :                            784 sec.

The output (if any) is above this job summary.



PS:

Read file <out/Output_23983147.err> for stderr output of this job.

