Warning: The log file is not empty. Appending new entries.
Warning: The log file is not empty. Appending new entries.
Warning: The log file is not empty. Appending new entries.
Warning: The log file is not empty. Appending new entries.
Warning: The log file is not empty. Appending new entries.
Warning: The log file is not empty. Appending new entries.
Warning: The log file is not empty. Appending new entries.
Warning: The log file is not empty. Appending new entries.
Warning: The log file is not empty. Appending new entries.
Warning: The log file is not empty. Appending new entries.
Warning: The log file is not empty. Appending new entries.
Warning: The log file is not empty. Appending new entries.
Warning: The log file is not empty. Appending new entries.
Warning: The log file is not empty. Appending new entries.
Warning: The log file is not empty. Appending new entries.
Warning: The log file is not empty. Appending new entries.
Warning: The log file is not empty. Appending new entries.
Warning: The log file is not empty. Appending new entries.
Warning: The log file is not empty. Appending new entries.
Warning: The log file is not empty. Appending new entries.
Warning: The log file is not empty. Appending new entries.
Warning: The log file is not empty. Appending new entries.
Warning: The log file is not empty. Appending new entries.
Warning: The log file is not empty. Appending new entries.
Warning: The log file is not empty. Appending new entries.
Warning: The log file is not empty. Appending new entries.
Warning: The log file is not empty. Appending new entries.
Warning: The log file is not empty. Appending new entries.
Warning: The log file is not empty. Appending new entries.
Warning: The log file is not empty. Appending new entries.
Warning: The log file is not empty. Appending new entries.
Warning: The log file is not empty. Appending new entries.
Warning: The log file is not empty. Appending new entries.
Warning: The log file is not empty. Appending new entries.
Warning: The log file is not empty. Appending new entries.
Warning: The log file is not empty. Appending new entries.
Warning: The log file is not empty. Appending new entries.
Warning: The log file is not empty. Appending new entries.
Warning: The log file is not empty. Appending new entries.
Warning: The log file is not empty. Appending new entries.
Warning: The log file is not empty. Appending new entries.
Warning: The log file is not empty. Appending new entries.
Warning: The log file is not empty. Appending new entries.
Warning: The log file is not empty. Appending new entries.
Warning: The log file is not empty. Appending new entries.
Warning: The log file is not empty. Appending new entries.
Warning: The log file is not empty. Appending new entries.
Warning: The log file is not empty. Appending new entries.
Warning: The log file is not empty. Appending new entries.
Warning: The log file is not empty. Appending new entries.
Warning: The log file is not empty. Appending new entries.
Warning: The log file is not empty. Appending new entries.
Warning: The log file is not empty. Appending new entries.
Warning: The log file is not empty. Appending new entries.
Warning: The log file is not empty. Appending new entries.
Warning: The log file is not empty. Appending new entries.
Warning: The log file is not empty. Appending new entries.
Warning: The log file is not empty. Appending new entries.
Warning: The log file is not empty. Appending new entries.
Warning: The log file is not empty. Appending new entries.

------------------------------------------------------------
Sender: LSF System <lsfadmin@hpc.dtu.dk>
Subject: Job 24008122: <rf_loop> in cluster <dcc> Exited

Job <rf_loop> was submitted from host <hpclogin1> by user <s233201> in cluster <dcc> at Mon Feb 10 13:36:08 2025
Job was executed on host(s) <n-62-31-1>, in queue <hpc>, as user <s233201> in cluster <dcc> at Mon Feb 10 13:36:08 2025
</zhome/85/8/203063> was used as the home directory.
</zhome/85/8/203063/a3_fungi> was used as the working directory.
Started at Mon Feb 10 13:36:08 2025
Terminated at Mon Feb 10 14:36:13 2025
Results reported at Mon Feb 10 14:36:13 2025

Your job looked like:

------------------------------------------------------------
# LSBATCH: User input
#!/bin/bash
# embedded options to bsub - start with #BSUB
# -- our name ---
#BSUB -J rf_loop
# -- choose queue --
#BSUB -q hpc
# -- specify that we need 4GB of memory per core/slot --
# so when asking for 4 cores, we are really asking for 4*4GB=16GB of memory 
# for this job. 
#BSUB -R "rusage[mem=1GB]"

# -- email address -- 
# please uncomment the following line and put in your e-mail address,
# if you want to receive e-mail notifications on a non-default address
##BSUB -u your_email_address
# -- Output File --
#BSUB -o out/Output_rf_loop_%J.out
# -- Error File --
#BSUB -e out/Output_rf_loop_%J.err
# -- estimated wall clock time (execution time): hh:mm -- 
#BSUB -W 1:00
# -- Number of cores requested -- 
#BSUB -n 1
# -- Specify the distribution of the cores: on a single node --
#BSUB -R "span[hosts=1]"
# -- end of LSF options -- 

while true; do
    # Check the number of jobs running
    num_jobs=$(bstat | grep -c "RUN")
    if [ "$num_jobs" -lt 2 ]; then
        echo "Less than 2 jobs running. Terminating the loop."
        break
    fi

    bash ~/a3_fungi/sh_scripts/refactor_busco_runs.sh /work3/s233201/out_busco /work3/s233201/finished_runs
    sleep 60  # Sleep for 60 seconds (1 minute)
done


------------------------------------------------------------

TERM_RUNLIMIT: job killed after reaching LSF run time limit.
Exited with exit code 140.

Resource usage summary:

    CPU time :                                   27.31 sec.
    Max Memory :                                 7 MB
    Average Memory :                             5.07 MB
    Total Requested Memory :                     1024.00 MB
    Delta Memory :                               1017.00 MB
    Max Swap :                                   -
    Max Processes :                              5
    Max Threads :                                6
    Run time :                                   3606 sec.
    Turnaround time :                            3605 sec.

The output (if any) is above this job summary.



PS:

Read file <out/Output_rf_loop_24008122.err> for stderr output of this job.

